#
# There is insufficient memory for the Java Runtime Environment to continue.
# Native memory allocation (malloc) failed to allocate 1220048 bytes for Chunk::new
# Possible reasons:
#   The system is out of physical RAM or swap space
#   The process is running with CompressedOops enabled, and the Java Heap may be blocking the growth of the native heap
# Possible solutions:
#   Reduce memory load on the system
#   Increase physical memory or swap space
#   Check if swap backing store is full
#   Decrease Java heap size (-Xmx/-Xms)
#   Decrease number of Java threads
#   Decrease Java thread stack sizes (-Xss)
#   Set larger code cache with -XX:ReservedCodeCacheSize=
#   JVM is running with Zero Based Compressed Oops mode in which the Java heap is
#     placed in the first 32GB address space. The Java Heap base address is the
#     maximum limit for the native heap growth. Please use -XX:HeapBaseMinAddress
#     to set the Java Heap base and to place the Java Heap above 32GB virtual address.
# This output file may be truncated or incomplete.
#
#  Out of Memory Error (arena.cpp:184), pid=115796, tid=98948
#
# JRE version: Java(TM) SE Runtime Environment (20.0.1+9) (build 20.0.1+9-29)
# Java VM: Java HotSpot(TM) 64-Bit Server VM (20.0.1+9-29, mixed mode, sharing, tiered, compressed oops, compressed class ptrs, g1 gc, windows-amd64)
# No core dump will be written. Minidumps are not enabled by default on client versions of Windows
#

---------------  S U M M A R Y ------------

Command Line: -Dfile.encoding=UTF-8 -XX:+ShowCodeDetailsInExceptionMessages com.wrldc.resource.adequacy.Application

Host: Intel(R) Core(TM) i7-10700T CPU @ 2.00GHz, 16 cores, 15G,  Windows 10 , 64 bit Build 19041 (10.0.19041.1806)
Time: Tue Sep 19 18:33:43 2023 India Standard Time elapsed time: 596.637764 seconds (0d 0h 9m 56s)

---------------  T H R E A D  ---------------

Current thread (0x0000019fd66a5fd0):  JavaThread "C2 CompilerThread2" daemon [_thread_in_native, id=98948, stack(0x0000001535800000,0x0000001535900000)]


Current CompileTask:
C2: 596637 13647       4       sun.security.ec.ECOperations::setDouble (463 bytes)

Stack: [0x0000001535800000,0x0000001535900000]
Native frames: (J=compiled Java code, j=interpreted, Vv=VM code, C=native code)
V  [jvm.dll+0x6bb95a]
V  [jvm.dll+0x8485fa]
V  [jvm.dll+0x84a1f5]
V  [jvm.dll+0x84a8f3]
V  [jvm.dll+0x280b0f]
V  [jvm.dll+0xc2b11]
V  [jvm.dll+0xc2e35]
V  [jvm.dll+0x3bb17c]
V  [jvm.dll+0x1e6e39]
V  [jvm.dll+0x24b3ab]
V  [jvm.dll+0x24a651]
V  [jvm.dll+0x1ce491]
V  [jvm.dll+0x259e1b]
V  [jvm.dll+0x2584f0]
V  [jvm.dll+0x3f2895]
V  [jvm.dll+0x7f4b56]
V  [jvm.dll+0x6ba5cb]
C  [ucrtbase.dll+0x21bb2]
C  [KERNEL32.DLL+0x17034]
C  [ntdll.dll+0x52651]


---------------  P R O C E S S  ---------------

Threads class SMR info:
_java_thread_list=0x0000019fd9d89410, length=41, elements={
0x0000019fd0d63250, 0x0000019fd0d65c70, 0x0000019fd0d669e0, 0x0000019fd0d6a360,
0x0000019fd0d6d380, 0x0000019fd0d6a900, 0x0000019fd5411510, 0x0000019fd5411aa0,
0x0000019fd0d6b3a0, 0x0000019fd0d6c8e0, 0x0000019fd72c0c70, 0x0000019fd72c5180,
0x0000019fd72c0720, 0x0000019fd66a9770, 0x0000019fd66a5fd0, 0x0000019fd66a86c0,
0x0000019fd66aadb0, 0x0000019fd66a91e0, 0x0000019fd66a3e70, 0x0000019fd66a7ba0,
0x0000019fd66a4400, 0x0000019fd66a6560, 0x0000019fd66a6af0, 0x0000019fd72c46e0,
0x0000019fd72c21b0, 0x0000019fd72c2c50, 0x0000019fd72c36f0, 0x0000019fd72bdca0,
0x0000019fd72be1f0, 0x0000019fd72be740, 0x0000019fd72c31a0, 0x0000019fd72c11c0,
0x0000019fd72bec90, 0x0000019fd72c01d0, 0x0000019fd72c1710, 0x0000019fd72c4c30,
0x0000019fd0d6be40, 0x0000019fd0d6de20, 0x0000019fd0d6b8f0, 0x0000019fd0d6c390,
0x0000019fd0d6ae50
}

Java Threads: ( => current thread )
  0x0000019fd0d63250 JavaThread "Reference Handler" daemon [_thread_blocked, id=120600, stack(0x0000001534f00000,0x0000001535000000)]
  0x0000019fd0d65c70 JavaThread "Finalizer" daemon [_thread_blocked, id=121880, stack(0x0000001535000000,0x0000001535100000)]
  0x0000019fd0d669e0 JavaThread "Signal Dispatcher" daemon [_thread_blocked, id=116520, stack(0x0000001535100000,0x0000001535200000)]
  0x0000019fd0d6a360 JavaThread "Attach Listener" daemon [_thread_blocked, id=123680, stack(0x0000001535200000,0x0000001535300000)]
  0x0000019fd0d6d380 JavaThread "Service Thread" daemon [_thread_blocked, id=102008, stack(0x0000001535300000,0x0000001535400000)]
  0x0000019fd0d6a900 JavaThread "Monitor Deflation Thread" daemon [_thread_blocked, id=122620, stack(0x0000001535400000,0x0000001535500000)]
  0x0000019fd5411510 JavaThread "C2 CompilerThread0" daemon [_thread_in_native, id=123280, stack(0x0000001535500000,0x0000001535600000)]
  0x0000019fd5411aa0 JavaThread "C1 CompilerThread0" daemon [_thread_blocked, id=124908, stack(0x0000001535600000,0x0000001535700000)]
  0x0000019fd0d6b3a0 JavaThread "Notification Thread" daemon [_thread_blocked, id=123736, stack(0x0000001535900000,0x0000001535a00000)]
  0x0000019fd0d6c8e0 JavaThread "Common-Cleaner" daemon [_thread_blocked, id=124080, stack(0x0000001535b00000,0x0000001535c00000)]
  0x0000019fd72c0c70 JavaThread "PostgreSQL-JDBC-Cleaner" daemon [_thread_blocked, id=104868, stack(0x0000001537500000,0x0000001537600000)]
  0x0000019fd72c5180 JavaThread "Live Reload Server" daemon [_thread_in_native, id=80556, stack(0x0000001536700000,0x0000001536800000)]
  0x0000019fd72c0720 JavaThread "DestroyJavaVM" [_thread_blocked, id=113024, stack(0x0000001534800000,0x0000001534900000)]
  0x0000019fd66a9770 JavaThread "C2 CompilerThread1" daemon [_thread_in_native, id=111212, stack(0x0000001535700000,0x0000001535800000)]
=>0x0000019fd66a5fd0 JavaThread "C2 CompilerThread2" daemon [_thread_in_native, id=98948, stack(0x0000001535800000,0x0000001535900000)]
  0x0000019fd66a86c0 JavaThread "C2 CompilerThread3" daemon [_thread_in_native, id=117020, stack(0x0000001535c00000,0x0000001535d00000)]
  0x0000019fd66aadb0 JavaThread "C2 CompilerThread4" daemon [_thread_in_native, id=124460, stack(0x0000001535d00000,0x0000001535e00000)]
  0x0000019fd66a91e0 JavaThread "C1 CompilerThread1" daemon [_thread_blocked, id=124600, stack(0x0000001535e00000,0x0000001535f00000)]
  0x0000019fd66a3e70 JavaThread "C1 CompilerThread2" daemon [_thread_blocked, id=54520, stack(0x0000001535f00000,0x0000001536000000)]
  0x0000019fd66a7ba0 JavaThread "C1 CompilerThread3" daemon [_thread_blocked, id=114648, stack(0x0000001536000000,0x0000001536100000)]
  0x0000019fd66a4400 JavaThread "C2 CompilerThread5" daemon [_thread_in_native, id=120292, stack(0x0000001537000000,0x0000001537100000)]
  0x0000019fd66a6560 JavaThread "C2 CompilerThread6" daemon [_thread_in_native, id=103112, stack(0x0000001537100000,0x0000001537200000)]
  0x0000019fd66a6af0 JavaThread "C2 CompilerThread7" daemon [_thread_in_native, id=123296, stack(0x0000001537200000,0x0000001537300000)]
  0x0000019fd72c46e0 JavaThread "Catalina-utility-1" [_thread_blocked, id=87940, stack(0x0000001537300000,0x0000001537400000)]
  0x0000019fd72c21b0 JavaThread "Catalina-utility-2" [_thread_blocked, id=109372, stack(0x0000001537600000,0x0000001537700000)]
  0x0000019fd72c2c50 JavaThread "container-0" [_thread_blocked, id=124796, stack(0x0000001537700000,0x0000001537800000)]
  0x0000019fd72c36f0 JavaThread "HikariPool-5 housekeeper" daemon [_thread_blocked, id=124884, stack(0x0000001537800000,0x0000001537900000)]
  0x0000019fd72bdca0 JavaThread "HikariPool-5 connection adder" daemon [_thread_blocked, id=120960, stack(0x0000001537900000,0x0000001537a00000)]
  0x0000019fd72be1f0 JavaThread "File Watcher" daemon [_thread_blocked, id=107216, stack(0x0000001537a00000,0x0000001537b00000)]
  0x0000019fd72be740 JavaThread "http-nio-8080-exec-1" daemon [_thread_blocked, id=42768, stack(0x0000001537b00000,0x0000001537c00000)]
  0x0000019fd72c31a0 JavaThread "http-nio-8080-exec-2" daemon [_thread_blocked, id=115288, stack(0x0000001537c00000,0x0000001537d00000)]
  0x0000019fd72c11c0 JavaThread "http-nio-8080-exec-3" daemon [_thread_blocked, id=101968, stack(0x0000001537d00000,0x0000001537e00000)]
  0x0000019fd72bec90 JavaThread "http-nio-8080-exec-4" daemon [_thread_blocked, id=118748, stack(0x0000001537e00000,0x0000001537f00000)]
  0x0000019fd72c01d0 JavaThread "http-nio-8080-exec-5" daemon [_thread_blocked, id=37928, stack(0x0000001537f00000,0x0000001538000000)]
  0x0000019fd72c1710 JavaThread "http-nio-8080-exec-6" daemon [_thread_blocked, id=95184, stack(0x0000001538000000,0x0000001538100000)]
  0x0000019fd72c4c30 JavaThread "http-nio-8080-exec-7" daemon [_thread_blocked, id=124440, stack(0x0000001538100000,0x0000001538200000)]
  0x0000019fd0d6be40 JavaThread "http-nio-8080-exec-8" daemon [_thread_blocked, id=124588, stack(0x0000001538200000,0x0000001538300000)]
  0x0000019fd0d6de20 JavaThread "http-nio-8080-exec-9" daemon [_thread_blocked, id=99880, stack(0x0000001538300000,0x0000001538400000)]
  0x0000019fd0d6b8f0 JavaThread "http-nio-8080-exec-10" daemon [_thread_blocked, id=112628, stack(0x0000001538400000,0x0000001538500000)]
  0x0000019fd0d6c390 JavaThread "http-nio-8080-Poller" daemon [_thread_in_native, id=119532, stack(0x0000001538500000,0x0000001538600000)]
  0x0000019fd0d6ae50 JavaThread "http-nio-8080-Acceptor" daemon [_thread_in_native, id=68632, stack(0x0000001538600000,0x0000001538700000)]

Other Threads:
  0x0000019fd0d44310 VMThread "VM Thread" [stack: 0x0000001534e00000,0x0000001534f00000] [id=121444]
  0x0000019fd5549cd0 WatcherThread "VM Periodic Task Thread" [stack: 0x0000001535a00000,0x0000001535b00000] [id=123612]
  0x0000019faf291b00 WorkerThread "GC Thread#0" [stack: 0x0000001534900000,0x0000001534a00000] [id=122040]
  0x0000019fd5b74260 WorkerThread "GC Thread#1" [stack: 0x0000001536100000,0x0000001536200000] [id=110720]
  0x0000019fd5b74800 WorkerThread "GC Thread#2" [stack: 0x0000001536200000,0x0000001536300000] [id=123524]
  0x0000019fd5b73f90 WorkerThread "GC Thread#3" [stack: 0x0000001536300000,0x0000001536400000] [id=41372]
  0x0000019fd5b74da0 WorkerThread "GC Thread#4" [stack: 0x0000001536400000,0x0000001536500000] [id=123356]
  0x0000019fd5b73450 WorkerThread "GC Thread#5" [stack: 0x0000001536500000,0x0000001536600000] [id=110360]
  0x0000019fd5b739f0 WorkerThread "GC Thread#6" [stack: 0x0000001536800000,0x0000001536900000] [id=109312]
  0x0000019fd64679b0 WorkerThread "GC Thread#7" [stack: 0x0000001536900000,0x0000001536a00000] [id=117776]
  0x0000019fd6466330 WorkerThread "GC Thread#8" [stack: 0x0000001536a00000,0x0000001536b00000] [id=124820]
  0x0000019fd64676e0 WorkerThread "GC Thread#9" [stack: 0x0000001536b00000,0x0000001536c00000] [id=98636]
  0x0000019fd6467140 WorkerThread "GC Thread#10" [stack: 0x0000001536600000,0x0000001536700000] [id=122976]
  0x0000019fd6466060 WorkerThread "GC Thread#11" [stack: 0x0000001536c00000,0x0000001536d00000] [id=124320]
  0x0000019fd6467c80 WorkerThread "GC Thread#12" [stack: 0x0000001536d00000,0x0000001536e00000] [id=123316]
  0x0000019faf2a32f0 ConcurrentGCThread "G1 Main Marker" [stack: 0x0000001534a00000,0x0000001534b00000] [id=112904]
  0x0000019faf2a3d20 WorkerThread "G1 Conc#0" [stack: 0x0000001534b00000,0x0000001534c00000] [id=117164]
  0x0000019fd6466e70 WorkerThread "G1 Conc#1" [stack: 0x0000001536e00000,0x0000001536f00000] [id=122676]
  0x0000019fd6467410 WorkerThread "G1 Conc#2" [stack: 0x0000001536f00000,0x0000001537000000] [id=123548]
  0x0000019fd0c001d0 ConcurrentGCThread "G1 Refine#0" [stack: 0x0000001534c00000,0x0000001534d00000] [id=121828]
  0x0000019fd0c02890 ConcurrentGCThread "G1 Service" [stack: 0x0000001534d00000,0x0000001534e00000] [id=117316]

Threads with active compile tasks:
C2 CompilerThread0   596676 13039       4       net.bytebuddy.description.method.ParameterList$ForLoadedExecutable::size (13 bytes)
C2 CompilerThread1   596676 14010   !   4       org.springframework.core.annotation.AnnotationUtils::invokeAnnotationMethod (32 bytes)
C2 CompilerThread2   596676 13647       4       sun.security.ec.ECOperations::setDouble (463 bytes)
C2 CompilerThread3   596676 14268       4       java.lang.reflect.Executable$$Lambda$1005/0x0000000801557770::apply (13 bytes)
C2 CompilerThread4   596677 13035   !   4       net.bytebuddy.utility.dispatcher.JavaDispatcher$ProxiedInvocationHandler::invoke (305 bytes)
C2 CompilerThread5   596677 13795       4       java.security.Provider$ServiceKey::hashCode (19 bytes)
C2 CompilerThread6   596677 13042   !   4       net.bytebuddy.description.method.$Proxy78::getParameterCount (39 bytes)
C2 CompilerThread7   596677 11811       4       org.springframework.beans.factory.support.AbstractAutowireCapableBeanFactory$FactoryBeanMethodTypeFinder::doWith (84 bytes)

VM state: not at safepoint (normal execution)

VM Mutex/Monitor currently owned by a thread: None

Heap address: 0x0000000704e00000, size: 4018 MB, Compressed Oops mode: Zero based, Oop shift amount: 3

CDS archive(s) mapped at: [0x0000000800000000-0x0000000800c60000-0x0000000800c60000), size 12976128, SharedBaseAddress: 0x0000000800000000, ArchiveRelocationMode: 0.
Compressed class space mapped at: 0x0000000801000000-0x0000000841000000, reserved size: 1073741824
Narrow klass base: 0x0000000800000000, Narrow klass shift: 0, Narrow klass range: 0x100000000

GC Precious Log:
 CardTable entry size: 512
 Card Set container configuration: InlinePtr #cards 4 size 8 Array Of Cards #cards 16 size 48 Howl #buckets 8 coarsen threshold 3686 Howl Bitmap #cards 512 size 80 coarsen threshold 460 Card regions per heap region 1 cards per card region 4096
 CPUs: 16 total, 16 available
 Memory: 16071M
 Large Page Support: Disabled
 NUMA Support: Disabled
 Compressed Oops: Enabled (Zero based)
 Heap Region Size: 2M
 Heap Min Capacity: 8M
 Heap Initial Capacity: 252M
 Heap Max Capacity: 4018M
 Pre-touch: Disabled
 Parallel Workers: 13
 Concurrent Workers: 3
 Concurrent Refinement Workers: 13
 Periodic GC: Disabled

Heap:
 garbage-first heap   total 122880K, used 47466K [0x0000000704e00000, 0x0000000800000000)
  region size 2048K, 9 young (18432K), 3 survivors (6144K)
 Metaspace       used 71050K, committed 71808K, reserved 1114112K
  class space    used 9105K, committed 9472K, reserved 1048576K

Heap Regions: E=young(eden), S=young(survivor), O=old, HS=humongous(starts), HC=humongous(continues), CS=collection set, F=free, OA=open archive, CA=closed archive, TAMS=top-at-mark-start, PB=parsable bottom
|   0|0x0000000704e00000, 0x0000000704ffffd8, 0x0000000705000000| 99%| O|  |TAMS 0x0000000704e00000| PB 0x0000000704e00000| Untracked 
|   1|0x0000000705000000, 0x0000000705200000, 0x0000000705200000|100%| O|  |TAMS 0x0000000705000000| PB 0x0000000705000000| Untracked 
|   2|0x0000000705200000, 0x0000000705400000, 0x0000000705400000|100%| O|  |TAMS 0x0000000705200000| PB 0x0000000705200000| Untracked 
|   3|0x0000000705400000, 0x00000007055fffe8, 0x0000000705600000| 99%| O|  |TAMS 0x0000000705400000| PB 0x0000000705400000| Untracked 
|   4|0x0000000705600000, 0x00000007057fffe8, 0x0000000705800000| 99%| O|  |TAMS 0x0000000705600000| PB 0x0000000705600000| Untracked 
|   5|0x0000000705800000, 0x00000007059fffe8, 0x0000000705a00000| 99%| O|  |TAMS 0x0000000705800000| PB 0x0000000705800000| Untracked 
|   6|0x0000000705a00000, 0x0000000705bfffd0, 0x0000000705c00000| 99%| O|  |TAMS 0x0000000705a00000| PB 0x0000000705a00000| Untracked 
|   7|0x0000000705c00000, 0x0000000705dfffe0, 0x0000000705e00000| 99%| O|  |TAMS 0x0000000705c00000| PB 0x0000000705c00000| Untracked 
|   8|0x0000000705e00000, 0x0000000705ffffb0, 0x0000000706000000| 99%| O|  |TAMS 0x0000000705e00000| PB 0x0000000705e00000| Untracked 
|   9|0x0000000706000000, 0x00000007061fffa8, 0x0000000706200000| 99%| O|  |TAMS 0x0000000706000000| PB 0x0000000706000000| Untracked 
|  10|0x0000000706200000, 0x0000000706400000, 0x0000000706400000|100%| O|  |TAMS 0x0000000706200000| PB 0x0000000706200000| Untracked 
|  11|0x0000000706400000, 0x00000007065ffff0, 0x0000000706600000| 99%| O|  |TAMS 0x0000000706400000| PB 0x0000000706400000| Untracked 
|  12|0x0000000706600000, 0x0000000706795ab8, 0x0000000706800000| 79%| O|  |TAMS 0x0000000706600000| PB 0x0000000706600000| Untracked 
|  13|0x0000000706800000, 0x00000007069ffff0, 0x0000000706a00000| 99%| O|  |TAMS 0x0000000706800000| PB 0x0000000706800000| Untracked 
|  14|0x0000000706a00000, 0x0000000706bcd4c0, 0x0000000706c00000| 90%| O|  |TAMS 0x0000000706a00000| PB 0x0000000706a00000| Untracked 
|  15|0x0000000706c00000, 0x0000000706c80fa8, 0x0000000706e00000| 25%| O|  |TAMS 0x0000000706c00000| PB 0x0000000706c00000| Untracked 
|  16|0x0000000706e00000, 0x0000000706e9e568, 0x0000000707000000| 30%| O|  |TAMS 0x0000000706e00000| PB 0x0000000706e00000| Untracked 
|  17|0x0000000707000000, 0x0000000707000000, 0x0000000707200000|  0%| F|  |TAMS 0x0000000707000000| PB 0x0000000707000000| Untracked 
|  18|0x0000000707200000, 0x0000000707283348, 0x0000000707400000| 25%| O|  |TAMS 0x0000000707200000| PB 0x0000000707200000| Untracked 
|  19|0x0000000707400000, 0x0000000707400000, 0x0000000707600000|  0%| F|  |TAMS 0x0000000707400000| PB 0x0000000707400000| Untracked 
|  20|0x0000000707600000, 0x0000000707600000, 0x0000000707800000|  0%| F|  |TAMS 0x0000000707600000| PB 0x0000000707600000| Untracked 
|  21|0x0000000707800000, 0x0000000707800000, 0x0000000707a00000|  0%| F|  |TAMS 0x0000000707800000| PB 0x0000000707800000| Untracked 
|  22|0x0000000707a00000, 0x0000000707a00000, 0x0000000707c00000|  0%| F|  |TAMS 0x0000000707a00000| PB 0x0000000707a00000| Untracked 
|  23|0x0000000707c00000, 0x0000000707c00000, 0x0000000707e00000|  0%| F|  |TAMS 0x0000000707c00000| PB 0x0000000707c00000| Untracked 
|  24|0x0000000707e00000, 0x0000000707f554f0, 0x0000000708000000| 66%| S|CS|TAMS 0x0000000707e00000| PB 0x0000000707e00000| Complete 
|  25|0x0000000708000000, 0x0000000708200000, 0x0000000708200000|100%| S|CS|TAMS 0x0000000708000000| PB 0x0000000708000000| Complete 
|  26|0x0000000708200000, 0x0000000708400000, 0x0000000708400000|100%| S|CS|TAMS 0x0000000708200000| PB 0x0000000708200000| Complete 
|  27|0x0000000708400000, 0x0000000708400000, 0x0000000708600000|  0%| F|  |TAMS 0x0000000708400000| PB 0x0000000708400000| Untracked 
|  28|0x0000000708600000, 0x0000000708600000, 0x0000000708800000|  0%| F|  |TAMS 0x0000000708600000| PB 0x0000000708600000| Untracked 
|  29|0x0000000708800000, 0x0000000708800000, 0x0000000708a00000|  0%| F|  |TAMS 0x0000000708800000| PB 0x0000000708800000| Untracked 
|  30|0x0000000708a00000, 0x0000000708a00000, 0x0000000708c00000|  0%| F|  |TAMS 0x0000000708a00000| PB 0x0000000708a00000| Untracked 
|  31|0x0000000708c00000, 0x0000000708c00000, 0x0000000708e00000|  0%| F|  |TAMS 0x0000000708c00000| PB 0x0000000708c00000| Untracked 
|  32|0x0000000708e00000, 0x0000000708e00000, 0x0000000709000000|  0%| F|  |TAMS 0x0000000708e00000| PB 0x0000000708e00000| Untracked 
|  33|0x0000000709000000, 0x0000000709000000, 0x0000000709200000|  0%| F|  |TAMS 0x0000000709000000| PB 0x0000000709000000| Untracked 
|  34|0x0000000709200000, 0x0000000709200000, 0x0000000709400000|  0%| F|  |TAMS 0x0000000709200000| PB 0x0000000709200000| Untracked 
|  35|0x0000000709400000, 0x0000000709400000, 0x0000000709600000|  0%| F|  |TAMS 0x0000000709400000| PB 0x0000000709400000| Untracked 
|  36|0x0000000709600000, 0x0000000709600000, 0x0000000709800000|  0%| F|  |TAMS 0x0000000709600000| PB 0x0000000709600000| Untracked 
|  37|0x0000000709800000, 0x0000000709800000, 0x0000000709a00000|  0%| F|  |TAMS 0x0000000709800000| PB 0x0000000709800000| Untracked 
|  38|0x0000000709a00000, 0x0000000709a00000, 0x0000000709c00000|  0%| F|  |TAMS 0x0000000709a00000| PB 0x0000000709a00000| Untracked 
|  39|0x0000000709c00000, 0x0000000709c00000, 0x0000000709e00000|  0%| F|  |TAMS 0x0000000709c00000| PB 0x0000000709c00000| Untracked 
|  40|0x0000000709e00000, 0x0000000709e00000, 0x000000070a000000|  0%| F|  |TAMS 0x0000000709e00000| PB 0x0000000709e00000| Untracked 
|  41|0x000000070a000000, 0x000000070a000000, 0x000000070a200000|  0%| F|  |TAMS 0x000000070a000000| PB 0x000000070a000000| Untracked 
|  42|0x000000070a200000, 0x000000070a200000, 0x000000070a400000|  0%| F|  |TAMS 0x000000070a200000| PB 0x000000070a200000| Untracked 
|  43|0x000000070a400000, 0x000000070a400000, 0x000000070a600000|  0%| F|  |TAMS 0x000000070a400000| PB 0x000000070a400000| Untracked 
|  44|0x000000070a600000, 0x000000070a600000, 0x000000070a800000|  0%| F|  |TAMS 0x000000070a600000| PB 0x000000070a600000| Untracked 
|  45|0x000000070a800000, 0x000000070a800000, 0x000000070aa00000|  0%| F|  |TAMS 0x000000070a800000| PB 0x000000070a800000| Untracked 
|  46|0x000000070aa00000, 0x000000070aa00000, 0x000000070ac00000|  0%| F|  |TAMS 0x000000070aa00000| PB 0x000000070aa00000| Untracked 
|  47|0x000000070ac00000, 0x000000070ac00000, 0x000000070ae00000|  0%| F|  |TAMS 0x000000070ac00000| PB 0x000000070ac00000| Untracked 
|  48|0x000000070ae00000, 0x000000070ae00000, 0x000000070b000000|  0%| F|  |TAMS 0x000000070ae00000| PB 0x000000070ae00000| Untracked 
|  49|0x000000070b000000, 0x000000070b000000, 0x000000070b200000|  0%| F|  |TAMS 0x000000070b000000| PB 0x000000070b000000| Untracked 
|  50|0x000000070b200000, 0x000000070b200000, 0x000000070b400000|  0%| F|  |TAMS 0x000000070b200000| PB 0x000000070b200000| Untracked 
|  51|0x000000070b400000, 0x000000070b400000, 0x000000070b600000|  0%| F|  |TAMS 0x000000070b400000| PB 0x000000070b400000| Untracked 
|  52|0x000000070b600000, 0x000000070b600000, 0x000000070b800000|  0%| F|  |TAMS 0x000000070b600000| PB 0x000000070b600000| Untracked 
|  53|0x000000070b800000, 0x000000070b800000, 0x000000070ba00000|  0%| F|  |TAMS 0x000000070b800000| PB 0x000000070b800000| Untracked 
|  54|0x000000070ba00000, 0x000000070ba374f0, 0x000000070bc00000| 10%| E|  |TAMS 0x000000070ba00000| PB 0x000000070ba00000| Complete 
|  55|0x000000070bc00000, 0x000000070be00000, 0x000000070be00000|100%| E|CS|TAMS 0x000000070bc00000| PB 0x000000070bc00000| Complete 
|  56|0x000000070be00000, 0x000000070c000000, 0x000000070c000000|100%| E|CS|TAMS 0x000000070be00000| PB 0x000000070be00000| Complete 
|  57|0x000000070c000000, 0x000000070c200000, 0x000000070c200000|100%| E|CS|TAMS 0x000000070c000000| PB 0x000000070c000000| Complete 
|  93|0x0000000710800000, 0x0000000710a00000, 0x0000000710a00000|100%| E|CS|TAMS 0x0000000710800000| PB 0x0000000710800000| Complete 
|  94|0x0000000710a00000, 0x0000000710c00000, 0x0000000710c00000|100%| E|CS|TAMS 0x0000000710a00000| PB 0x0000000710a00000| Complete 

Card table byte_map: [0x0000019fc9290000,0x0000019fc9a70000] _byte_map_base: 0x0000019fc5a69000

Marking Bits: (CMBitMap*) 0x0000019faf292140
 Bits: [0x0000019fca250000, 0x0000019fce118000)

Polling page: 0x0000019faefd0000

Metaspace:

Usage:
  Non-class:     60.49 MB used.
      Class:      8.89 MB used.
       Both:     69.39 MB used.

Virtual space:
  Non-class space:       64.00 MB reserved,      60.88 MB ( 95%) committed,  1 nodes.
      Class space:        1.00 GB reserved,       9.25 MB ( <1%) committed,  1 nodes.
             Both:        1.06 GB reserved,      70.12 MB (  6%) committed. 

Chunk freelists:
   Non-Class:  2.26 MB
       Class:  2.78 MB
        Both:  5.04 MB

MaxMetaspaceSize: unlimited
CompressedClassSpaceSize: 1.00 GB
Initial GC threshold: 21.00 MB
Current GC threshold: 115.94 MB
CDS: on
MetaspaceReclaimPolicy: balanced
 - commit_granule_bytes: 65536.
 - commit_granule_words: 8192.
 - virtual_space_node_default_size: 8388608.
 - enlarge_chunks_in_place: 1.
 - new_chunks_are_fully_committed: 0.
 - uncommit_free_chunks: 1.
 - use_allocation_guard: 0.


Internal statistics:

num_allocs_failed_limit: 15.
num_arena_births: 1016.
num_arena_deaths: 6.
num_vsnodes_births: 2.
num_vsnodes_deaths: 0.
num_space_committed: 1122.
num_space_uncommitted: 0.
num_chunks_returned_to_freelist: 24.
num_chunks_taken_from_freelist: 3598.
num_chunk_merges: 6.
num_chunk_splits: 2497.
num_chunks_enlarged: 1881.
num_inconsistent_stats: 0.

CodeHeap 'non-profiled nmethods': size=119168Kb used=4429Kb max_used=6216Kb free=114738Kb
 bounds [0x0000019fc0690000, 0x0000019fc0cb0000, 0x0000019fc7af0000]
CodeHeap 'profiled nmethods': size=119104Kb used=10781Kb max_used=16241Kb free=108322Kb
 bounds [0x0000019fb8af0000, 0x0000019fb9ad0000, 0x0000019fbff40000]
CodeHeap 'non-nmethods': size=7488Kb used=3453Kb max_used=3605Kb free=4034Kb
 bounds [0x0000019fbff40000, 0x0000019fc02d0000, 0x0000019fc0690000]
 total_blobs=6864 nmethods=6136 adapters=634
 compilation: enabled
              stopped_count=0, restarted_count=0
 full_count=0

Compilation events (20 events):
Event: 596.584 Thread 0x0000019fd66a9770 14064       4       org.springframework.core.annotation.AnnotationsScanner::isOverride (38 bytes)
Event: 596.586 Thread 0x0000019fd66a6af0 nmethod 13040 0x0000019fc09c4090 code [0x0000019fc09c4260, 0x0000019fc09c4940]
Event: 596.586 Thread 0x0000019fd66a6af0 13672       4       java.math.BigInteger::getInt (63 bytes)
Event: 596.586 Thread 0x0000019fd66a9770 nmethod 14064 0x0000019fc098aa10 code [0x0000019fc098aba0, 0x0000019fc098ae00]
Event: 596.586 Thread 0x0000019fd66a9770 14088       4       java.util.StringJoiner::toString (53 bytes)
Event: 596.587 Thread 0x0000019fd66a86c0 nmethod 14304% 0x0000019fc0c3e590 code [0x0000019fc0c3edc0, 0x0000019fc0c45808]
Event: 596.587 Thread 0x0000019fd66a6af0 nmethod 13672 0x0000019fc098a510 code [0x0000019fc098a680, 0x0000019fc098a7b0]
Event: 596.588 Thread 0x0000019fd66a6af0 14089       4       java.lang.System$2::join (11 bytes)
Event: 596.595 Thread 0x0000019fd66a86c0 14087       4       java.util.StringJoiner::<init> (63 bytes)
Event: 596.609 Thread 0x0000019fd66a86c0 nmethod 14087 0x0000019fc09c3490 code [0x0000019fc09c3660, 0x0000019fc09c3cf8]
Event: 596.609 Thread 0x0000019fd66a86c0 13041       4       net.bytebuddy.utility.dispatcher.JavaDispatcher$Dispatcher$ForNonStaticMethod::invoke (47 bytes)
Event: 596.618 Thread 0x0000019fd66a9770 nmethod 14088 0x0000019fc0761a10 code [0x0000019fc0761be0, 0x0000019fc0762750]
Event: 596.619 Thread 0x0000019fd66a9770 14090       4       org.springframework.core.MethodClassKey::equals (58 bytes)
Event: 596.619 Thread 0x0000019fd66a6af0 nmethod 14089 0x0000019fc0c61b90 code [0x0000019fc0c61d60, 0x0000019fc0c62920]
Event: 596.619 Thread 0x0000019fd66a6af0 13984   !   4       jdk.proxy2.$Proxy34::annotationType (29 bytes)
Event: 596.621 Thread 0x0000019fd66a6af0 nmethod 13984 0x0000019fc09c3190 code [0x0000019fc09c3300, 0x0000019fc09c33d0]
Event: 596.622 Thread 0x0000019fd66a6af0 11937       4       java.util.Collections$1::next (25 bytes)
Event: 596.622 Thread 0x0000019fd66a6af0 nmethod 11937 0x0000019fc09c2e10 code [0x0000019fc09c2f80, 0x0000019fc09c3030]
Event: 596.623 Thread 0x0000019fd66a6af0 12629       4       java.lang.reflect.Field::hashCode (19 bytes)
Event: 596.625 Thread 0x0000019fd66a9770 nmethod 14090 0x0000019fc0c3df10 code [0x0000019fc0c3e0a0, 0x0000019fc0c3e308]

GC Heap History (20 events):
Event: 549.924 GC heap before
{Heap before GC invocations=168 (full 3):
 garbage-first heap   total 122880K, used 105882K [0x0000000704e00000, 0x0000000800000000)
  region size 2048K, 34 young (69632K), 3 survivors (6144K)
 Metaspace       used 70515K, committed 71232K, reserved 1114112K
  class space    used 9078K, committed 9408K, reserved 1048576K
}
Event: 549.926 GC heap after
{Heap after GC invocations=169 (full 3):
 garbage-first heap   total 122880K, used 40063K [0x0000000704e00000, 0x0000000800000000)
  region size 2048K, 2 young (4096K), 2 survivors (4096K)
 Metaspace       used 70515K, committed 71232K, reserved 1114112K
  class space    used 9078K, committed 9408K, reserved 1048576K
}
Event: 556.333 GC heap before
{Heap before GC invocations=170 (full 3):
 garbage-first heap   total 122880K, used 107647K [0x0000000704e00000, 0x0000000800000000)
  region size 2048K, 35 young (71680K), 2 survivors (4096K)
 Metaspace       used 70515K, committed 71232K, reserved 1114112K
  class space    used 9078K, committed 9408K, reserved 1048576K
}
Event: 556.333 GC heap after
{Heap after GC invocations=171 (full 3):
 garbage-first heap   total 122880K, used 37712K [0x0000000704e00000, 0x0000000800000000)
  region size 2048K, 1 young (2048K), 1 survivors (2048K)
 Metaspace       used 70515K, committed 71232K, reserved 1114112K
  class space    used 9078K, committed 9408K, reserved 1048576K
}
Event: 562.391 GC heap before
{Heap before GC invocations=171 (full 3):
 garbage-first heap   total 122880K, used 109392K [0x0000000704e00000, 0x0000000800000000)
  region size 2048K, 36 young (73728K), 1 survivors (2048K)
 Metaspace       used 70527K, committed 71296K, reserved 1114112K
  class space    used 9078K, committed 9408K, reserved 1048576K
}
Event: 562.394 GC heap after
{Heap after GC invocations=172 (full 3):
 garbage-first heap   total 122880K, used 42415K [0x0000000704e00000, 0x0000000800000000)
  region size 2048K, 3 young (6144K), 3 survivors (6144K)
 Metaspace       used 70527K, committed 71296K, reserved 1114112K
  class space    used 9078K, committed 9408K, reserved 1048576K
}
Event: 568.588 GC heap before
{Heap before GC invocations=172 (full 3):
 garbage-first heap   total 122880K, used 105903K [0x0000000704e00000, 0x0000000800000000)
  region size 2048K, 34 young (69632K), 3 survivors (6144K)
 Metaspace       used 70527K, committed 71296K, reserved 1114112K
  class space    used 9078K, committed 9408K, reserved 1048576K
}
Event: 568.590 GC heap after
{Heap after GC invocations=173 (full 3):
 garbage-first heap   total 122880K, used 41487K [0x0000000704e00000, 0x0000000800000000)
  region size 2048K, 3 young (6144K), 3 survivors (6144K)
 Metaspace       used 70527K, committed 71296K, reserved 1114112K
  class space    used 9078K, committed 9408K, reserved 1048576K
}
Event: 574.713 GC heap before
{Heap before GC invocations=174 (full 3):
 garbage-first heap   total 122880K, used 104975K [0x0000000704e00000, 0x0000000800000000)
  region size 2048K, 34 young (69632K), 3 survivors (6144K)
 Metaspace       used 70527K, committed 71296K, reserved 1114112K
  class space    used 9078K, committed 9408K, reserved 1048576K
}
Event: 574.714 GC heap after
{Heap after GC invocations=175 (full 3):
 garbage-first heap   total 122880K, used 37565K [0x0000000704e00000, 0x0000000800000000)
  region size 2048K, 1 young (2048K), 1 survivors (2048K)
 Metaspace       used 70527K, committed 71296K, reserved 1114112K
  class space    used 9078K, committed 9408K, reserved 1048576K
}
Event: 580.926 GC heap before
{Heap before GC invocations=175 (full 3):
 garbage-first heap   total 122880K, used 107197K [0x0000000704e00000, 0x0000000800000000)
  region size 2048K, 35 young (71680K), 1 survivors (2048K)
 Metaspace       used 70527K, committed 71296K, reserved 1114112K
  class space    used 9078K, committed 9408K, reserved 1048576K
}
Event: 580.929 GC heap after
{Heap after GC invocations=176 (full 3):
 garbage-first heap   total 122880K, used 41794K [0x0000000704e00000, 0x0000000800000000)
  region size 2048K, 3 young (6144K), 3 survivors (6144K)
 Metaspace       used 70527K, committed 71296K, reserved 1114112K
  class space    used 9078K, committed 9408K, reserved 1048576K
}
Event: 587.245 GC heap before
{Heap before GC invocations=176 (full 3):
 garbage-first heap   total 122880K, used 107330K [0x0000000704e00000, 0x0000000800000000)
  region size 2048K, 35 young (71680K), 3 survivors (6144K)
 Metaspace       used 70527K, committed 71296K, reserved 1114112K
  class space    used 9078K, committed 9408K, reserved 1048576K
}
Event: 587.247 GC heap after
{Heap after GC invocations=177 (full 3):
 garbage-first heap   total 122880K, used 40740K [0x0000000704e00000, 0x0000000800000000)
  region size 2048K, 3 young (6144K), 3 survivors (6144K)
 Metaspace       used 70527K, committed 71296K, reserved 1114112K
  class space    used 9078K, committed 9408K, reserved 1048576K
}
Event: 593.792 GC heap before
{Heap before GC invocations=177 (full 3):
 garbage-first heap   total 122880K, used 106276K [0x0000000704e00000, 0x0000000800000000)
  region size 2048K, 35 young (71680K), 3 survivors (6144K)
 Metaspace       used 70527K, committed 71296K, reserved 1114112K
  class space    used 9078K, committed 9408K, reserved 1048576K
}
Event: 593.796 GC heap after
{Heap after GC invocations=178 (full 3):
 garbage-first heap   total 122880K, used 45945K [0x0000000704e00000, 0x0000000800000000)
  region size 2048K, 5 young (10240K), 5 survivors (10240K)
 Metaspace       used 70527K, committed 71296K, reserved 1114112K
  class space    used 9078K, committed 9408K, reserved 1048576K
}
Event: 594.852 GC heap before
{Heap before GC invocations=178 (full 3):
 garbage-first heap   total 122880K, used 66425K [0x0000000704e00000, 0x0000000800000000)
  region size 2048K, 16 young (32768K), 5 survivors (10240K)
 Metaspace       used 70536K, committed 71296K, reserved 1114112K
  class space    used 9080K, committed 9408K, reserved 1048576K
}
Event: 594.897 GC heap after
{Heap after GC invocations=179 (full 4):
 garbage-first heap   total 122880K, used 31765K [0x0000000704e00000, 0x0000000800000000)
  region size 2048K, 0 young (0K), 0 survivors (0K)
 Metaspace       used 70536K, committed 71296K, reserved 1114112K
  class space    used 9080K, committed 9408K, reserved 1048576K
}
Event: 596.098 GC heap before
{Heap before GC invocations=179 (full 4):
 garbage-first heap   total 122880K, used 99349K [0x0000000704e00000, 0x0000000800000000)
  region size 2048K, 33 young (67584K), 0 survivors (0K)
 Metaspace       used 71005K, committed 71808K, reserved 1114112K
  class space    used 9103K, committed 9472K, reserved 1048576K
}
Event: 596.101 GC heap after
{Heap after GC invocations=180 (full 4):
 garbage-first heap   total 122880K, used 37226K [0x0000000704e00000, 0x0000000800000000)
  region size 2048K, 3 young (6144K), 3 survivors (6144K)
 Metaspace       used 71005K, committed 71808K, reserved 1114112K
  class space    used 9103K, committed 9472K, reserved 1048576K
}

Dll operation events (11 events):
Event: 0.006 Loaded shared library C:\Program Files\Java\jdk-20\bin\java.dll
Event: 0.013 Loaded shared library C:\Program Files\Java\jdk-20\bin\jsvml.dll
Event: 0.083 Loaded shared library C:\Program Files\Java\jdk-20\bin\net.dll
Event: 0.084 Loaded shared library C:\Program Files\Java\jdk-20\bin\nio.dll
Event: 0.087 Loaded shared library C:\Program Files\Java\jdk-20\bin\zip.dll
Event: 0.167 Loaded shared library C:\Program Files\Java\jdk-20\bin\jimage.dll
Event: 0.383 Loaded shared library C:\Program Files\Java\jdk-20\bin\management.dll
Event: 0.385 Loaded shared library C:\Program Files\Java\jdk-20\bin\management_ext.dll
Event: 2.218 Loaded shared library C:\Program Files\Java\jdk-20\bin\sunmscapi.dll
Event: 2.785 Loaded shared library C:\Program Files\Java\jdk-20\bin\verify.dll
Event: 2.951 Loaded shared library C:\Program Files\Java\jdk-20\bin\extnet.dll

Deoptimization events (20 events):
Event: 595.860 Thread 0x0000019fd72bdca0 DEOPT PACKING pc=0x0000019fb8cbe9aa sp=0x00000015379fd960
Event: 595.860 Thread 0x0000019fd72bdca0 DEOPT UNPACKING pc=0x0000019fbffaa4c2 sp=0x00000015379fcdb8 mode 0
Event: 595.860 Thread 0x0000019fd72bdca0 DEOPT PACKING pc=0x0000019fb8cbe9aa sp=0x00000015379fd960
Event: 595.860 Thread 0x0000019fd72bdca0 DEOPT UNPACKING pc=0x0000019fbffaa4c2 sp=0x00000015379fcdb8 mode 0
Event: 595.860 Thread 0x0000019fd72bdca0 DEOPT PACKING pc=0x0000019fb8cbe9aa sp=0x00000015379fd960
Event: 595.860 Thread 0x0000019fd72bdca0 DEOPT UNPACKING pc=0x0000019fbffaa4c2 sp=0x00000015379fcdb8 mode 0
Event: 595.861 Thread 0x0000019fd72bdca0 DEOPT PACKING pc=0x0000019fb8cbe9aa sp=0x00000015379fd900
Event: 595.861 Thread 0x0000019fd72bdca0 DEOPT UNPACKING pc=0x0000019fbffaa4c2 sp=0x00000015379fcd58 mode 0
Event: 595.861 Thread 0x0000019fd72bdca0 DEOPT PACKING pc=0x0000019fb8cbe9aa sp=0x00000015379fd960
Event: 595.861 Thread 0x0000019fd72bdca0 DEOPT UNPACKING pc=0x0000019fbffaa4c2 sp=0x00000015379fcdb8 mode 0
Event: 595.902 Thread 0x0000019fd72bdca0 DEOPT PACKING pc=0x0000019fb9086931 sp=0x00000015379fd880
Event: 595.902 Thread 0x0000019fd72bdca0 DEOPT UNPACKING pc=0x0000019fbffaa4c2 sp=0x00000015379fcd08 mode 0
Event: 595.947 Thread 0x0000019fd72bdca0 DEOPT PACKING pc=0x0000019fb9086931 sp=0x00000015379fd850
Event: 595.947 Thread 0x0000019fd72bdca0 DEOPT UNPACKING pc=0x0000019fbffaa4c2 sp=0x00000015379fccd8 mode 0
Event: 595.994 Thread 0x0000019fd72bdca0 DEOPT PACKING pc=0x0000019fb9086931 sp=0x00000015379fd880
Event: 595.994 Thread 0x0000019fd72bdca0 DEOPT UNPACKING pc=0x0000019fbffaa4c2 sp=0x00000015379fcd08 mode 0
Event: 596.026 Thread 0x0000019fd72bdca0 DEOPT PACKING pc=0x0000019fb904a7ce sp=0x00000015379fdae0
Event: 596.026 Thread 0x0000019fd72bdca0 DEOPT UNPACKING pc=0x0000019fbffaa4c2 sp=0x00000015379fcf60 mode 0
Event: 596.042 Thread 0x0000019fd72bfc80 DEOPT PACKING pc=0x0000019fb944ad98 sp=0x00000015347f5b50
Event: 596.042 Thread 0x0000019fd72bfc80 DEOPT UNPACKING pc=0x0000019fbffaa4c2 sp=0x00000015347f5048 mode 0

Classes loaded (20 events):
Event: 148.476 Loading class sun/security/ssl/Alert$AlertConsumer
Event: 148.476 Loading class sun/security/ssl/Alert$AlertConsumer done
Event: 148.476 Loading class sun/security/ssl/Alert$Level
Event: 148.477 Loading class sun/security/ssl/Alert$Level done
Event: 148.524 Loading class java/lang/ref/Finalizer$2
Event: 148.524 Loading class java/lang/ref/Finalizer$2 done
Event: 148.524 Loading class java/lang/ref/Finalizer$1
Event: 148.524 Loading class java/lang/ref/Finalizer$1 done
Event: 150.790 Loading class jdk/internal/reflect/AccessorUtils
Event: 150.790 Loading class jdk/internal/reflect/AccessorUtils done
Event: 150.811 Loading class java/io/PrintWriter$1
Event: 150.811 Loading class jdk/internal/access/JavaIOPrintWriterAccess
Event: 150.811 Loading class jdk/internal/access/JavaIOPrintWriterAccess done
Event: 150.811 Loading class java/io/PrintWriter$1 done
Event: 150.811 Loading class java/lang/Throwable$WrappedPrintWriter
Event: 150.811 Loading class java/lang/Throwable$PrintStreamOrWriter
Event: 150.811 Loading class java/lang/Throwable$PrintStreamOrWriter done
Event: 150.811 Loading class java/lang/Throwable$WrappedPrintWriter done
Event: 150.938 Loading class java/util/ArrayList$SubList$2
Event: 150.938 Loading class java/util/ArrayList$SubList$2 done

Classes unloaded (3 events):
Event: 162.114 Thread 0x0000019fd0d44310 Unloading class 0x0000000801904800 'org/apache/catalina/loader/JdbcLeakPrevention'
Event: 445.539 Thread 0x0000019fd0d44310 Unloading class 0x0000000801904800 'org/apache/catalina/loader/JdbcLeakPrevention'
Event: 490.319 Thread 0x0000019fd0d44310 Unloading class 0x0000000801904800 'org/apache/catalina/loader/JdbcLeakPrevention'

Classes redefined (0 events):
No events

Internal exceptions (20 events):
Event: 489.733 Thread 0x0000019fd0d6d8d0 Exception <a 'sun/nio/fs/WindowsException'{0x0000000710a82420}> (0x0000000710a82420) 
thrown [s\open\src\hotspot\share\prims\jni.cpp, line 519]
Event: 489.914 Thread 0x0000019fd0d6d8d0 Exception <a 'java/lang/NoClassDefFoundError'{0x000000070b048898}: org/flywaydb/core/Flyway> (0x000000070b048898) 
thrown [s\open\src\hotspot\share\oops\constantPool.cpp, line 848]
Event: 489.914 Thread 0x0000019fd0d6d8d0 Exception <a 'java/lang/NoClassDefFoundError'{0x000000070b048ef8}: liquibase/integration/spring/SpringLiquibase> (0x000000070b048ef8) 
thrown [s\open\src\hotspot\share\oops\constantPool.cpp, line 848]
Event: 489.916 Thread 0x0000019fd0d6d8d0 Exception <a 'java/lang/NoClassDefFoundError'{0x000000070b093ef8}: org/jooq/DSLContext> (0x000000070b093ef8) 
thrown [s\open\src\hotspot\share\oops\constantPool.cpp, line 848]
Event: 489.916 Thread 0x0000019fd0d6d8d0 Exception <a 'java/lang/NoClassDefFoundError'{0x000000070b0a0478}: org/springframework/batch/core/repository/JobRepository> (0x000000070b0a0478) 
thrown [s\open\src\hotspot\share\oops\constantPool.cpp, line 848]
Event: 489.917 Thread 0x0000019fd0d6d8d0 Exception <a 'java/lang/NoClassDefFoundError'{0x000000070b0a0ad0}: org/quartz/Scheduler> (0x000000070b0a0ad0) 
thrown [s\open\src\hotspot\share\oops\constantPool.cpp, line 848]
Event: 489.917 Thread 0x0000019fd0d6d8d0 Exception <a 'java/lang/NoClassDefFoundError'{0x000000070b0a1150}: org/springframework/session/jdbc/JdbcIndexedSessionRepository> (0x000000070b0a1150) 
thrown [s\open\src\hotspot\share\oops\constantPool.cpp, line 848]
Event: 489.959 Thread 0x0000019fd0d6d8d0 Exception <a 'java/io/FileNotFoundException'{0x000000070aab8550}> (0x000000070aab8550) 
thrown [s\open\src\hotspot\share\prims\jni.cpp, line 519]
Event: 489.975 Thread 0x0000019fd0d6d8d0 Exception <a 'java/io/FileNotFoundException'{0x000000070a863708}> (0x000000070a863708) 
thrown [s\open\src\hotspot\share\prims\jni.cpp, line 519]
Event: 594.835 Thread 0x0000019fd0d6be40 Exception <a 'java/lang/InterruptedException'{0x000000070b3c1db8}: sleep interrupted> (0x000000070b3c1db8) 
thrown [s\open\src\hotspot\share\prims\jvm.cpp, line 3086]
Event: 594.907 Thread 0x0000019fd72bfc80 Exception <a 'sun/nio/fs/WindowsException'{0x0000000710ab6468}> (0x0000000710ab6468) 
thrown [s\open\src\hotspot\share\prims\jni.cpp, line 519]
Event: 595.350 Thread 0x0000019fd72bfc80 Exception <a 'java/lang/NoClassDefFoundError'{0x000000070b07cd08}: org/flywaydb/core/Flyway> (0x000000070b07cd08) 
thrown [s\open\src\hotspot\share\oops\constantPool.cpp, line 848]
Event: 595.350 Thread 0x0000019fd72bfc80 Exception <a 'java/lang/NoClassDefFoundError'{0x000000070b07d368}: liquibase/integration/spring/SpringLiquibase> (0x000000070b07d368) 
thrown [s\open\src\hotspot\share\oops\constantPool.cpp, line 848]
Event: 595.360 Thread 0x0000019fd72bfc80 Exception <a 'java/lang/NoClassDefFoundError'{0x000000070b0ca080}: org/jooq/DSLContext> (0x000000070b0ca080) 
thrown [s\open\src\hotspot\share\oops\constantPool.cpp, line 848]
Event: 595.360 Thread 0x0000019fd72bfc80 Exception <a 'java/lang/NoClassDefFoundError'{0x000000070b0d6650}: org/springframework/batch/core/repository/JobRepository> (0x000000070b0d6650) 
thrown [s\open\src\hotspot\share\oops\constantPool.cpp, line 848]
Event: 595.360 Thread 0x0000019fd72bfc80 Exception <a 'java/lang/NoClassDefFoundError'{0x000000070b0d6ca8}: org/quartz/Scheduler> (0x000000070b0d6ca8) 
thrown [s\open\src\hotspot\share\oops\constantPool.cpp, line 848]
Event: 595.360 Thread 0x0000019fd72bfc80 Exception <a 'java/lang/NoClassDefFoundError'{0x000000070b0d7328}: org/springframework/session/jdbc/JdbcIndexedSessionRepository> (0x000000070b0d7328) 
thrown [s\open\src\hotspot\share\oops\constantPool.cpp, line 848]
Event: 595.499 Thread 0x0000019fd72bfc80 Exception <a 'java/io/FileNotFoundException'{0x000000070ab47610}> (0x000000070ab47610) 
thrown [s\open\src\hotspot\share\prims\jni.cpp, line 519]
Event: 595.537 Thread 0x0000019fd72bfc80 Exception <a 'java/io/FileNotFoundException'{0x000000070a8f4490}> (0x000000070a8f4490) 
thrown [s\open\src\hotspot\share\prims\jni.cpp, line 519]
Event: 596.416 Thread 0x0000019fd72be740 Exception <a 'java/lang/ClassCastException'{0x000000070bd5a640}: class java.time.ZoneRegion cannot be cast to class java.time.ZoneOffset (java.time.ZoneRegion and java.time.ZoneOffset are in module java.base of loader 'bootstrap')> (0x000000070bd5a640) 
thrown [s\open\src\hotspot\share\interpreter\interpreterRuntime.cpp, line 455]

VM Operations (20 events):
Event: 594.852 Executing VM operation: G1CollectFull
Event: 594.897 Executing VM operation: G1CollectFull done
Event: 594.988 Executing VM operation: ICBufferFull
Event: 594.988 Executing VM operation: ICBufferFull done
Event: 595.136 Executing VM operation: ICBufferFull
Event: 595.137 Executing VM operation: ICBufferFull done
Event: 595.276 Executing VM operation: ICBufferFull
Event: 595.276 Executing VM operation: ICBufferFull done
Event: 595.417 Executing VM operation: ICBufferFull
Event: 595.417 Executing VM operation: ICBufferFull done
Event: 595.679 Executing VM operation: ICBufferFull
Event: 595.679 Executing VM operation: ICBufferFull done
Event: 595.754 Executing VM operation: ICBufferFull
Event: 595.755 Executing VM operation: ICBufferFull done
Event: 595.795 Executing VM operation: ICBufferFull
Event: 595.796 Executing VM operation: ICBufferFull done
Event: 595.917 Executing VM operation: ICBufferFull
Event: 595.917 Executing VM operation: ICBufferFull done
Event: 596.098 Executing VM operation: G1CollectForAllocation
Event: 596.101 Executing VM operation: G1CollectForAllocation done

Events (20 events):
Event: 595.538 Thread 0x0000019fd72c46e0 Thread added: 0x0000019fd72c46e0
Event: 595.539 Thread 0x0000019fd72c21b0 Thread added: 0x0000019fd72c21b0
Event: 595.539 Thread 0x0000019fd72c2c50 Thread added: 0x0000019fd72c2c50
Event: 595.687 Thread 0x0000019fd72c36f0 Thread added: 0x0000019fd72c36f0
Event: 595.790 Thread 0x0000019fd72bdca0 Thread added: 0x0000019fd72bdca0
Event: 596.143 Thread 0x0000019fd72be1f0 Thread added: 0x0000019fd72be1f0
Event: 596.156 Thread 0x0000019fd72be740 Thread added: 0x0000019fd72be740
Event: 596.157 Thread 0x0000019fd72c31a0 Thread added: 0x0000019fd72c31a0
Event: 596.157 Thread 0x0000019fd72c11c0 Thread added: 0x0000019fd72c11c0
Event: 596.157 Thread 0x0000019fd72bec90 Thread added: 0x0000019fd72bec90
Event: 596.157 Thread 0x0000019fd72c01d0 Thread added: 0x0000019fd72c01d0
Event: 596.157 Thread 0x0000019fd72c1710 Thread added: 0x0000019fd72c1710
Event: 596.157 Thread 0x0000019fd72c4c30 Thread added: 0x0000019fd72c4c30
Event: 596.158 Thread 0x0000019fd0d6be40 Thread added: 0x0000019fd0d6be40
Event: 596.158 Thread 0x0000019fd0d6de20 Thread added: 0x0000019fd0d6de20
Event: 596.158 Thread 0x0000019fd0d6b8f0 Thread added: 0x0000019fd0d6b8f0
Event: 596.164 Thread 0x0000019fd0d6c390 Thread added: 0x0000019fd0d6c390
Event: 596.164 Thread 0x0000019fd0d6ae50 Thread added: 0x0000019fd0d6ae50
Event: 596.174 Thread 0x0000019fd72bfc80 Thread exited: 0x0000019fd72bfc80
Event: 596.174 Thread 0x0000019fd72bf730 Thread exited: 0x0000019fd72bf730


Dynamic libraries:
0x00007ff62e180000 - 0x00007ff62e190000 	C:\Program Files\Java\jdk-20\bin\javaw.exe
0x00007ffe9bff0000 - 0x00007ffe9c1e8000 	C:\Windows\SYSTEM32\ntdll.dll
0x00007ffe9add0000 - 0x00007ffe9ae8d000 	C:\Windows\System32\KERNEL32.DLL
0x00007ffe99a80000 - 0x00007ffe99d4e000 	C:\Windows\System32\KERNELBASE.dll
0x0000000067ed0000 - 0x0000000067f63000 	C:\Windows\System32\SYSFER.DLL
0x00007ffe99870000 - 0x00007ffe99970000 	C:\Windows\System32\ucrtbase.dll
0x00007ffe915e0000 - 0x00007ffe915f9000 	C:\Program Files\Java\jdk-20\bin\jli.dll
0x00007ffe8eab0000 - 0x00007ffe8eacb000 	C:\Program Files\Java\jdk-20\bin\VCRUNTIME140.dll
0x00007ffe9a900000 - 0x00007ffe9a9ae000 	C:\Windows\System32\ADVAPI32.dll
0x00007ffe9ac10000 - 0x00007ffe9acae000 	C:\Windows\System32\msvcrt.dll
0x00007ffe9be60000 - 0x00007ffe9befc000 	C:\Windows\System32\sechost.dll
0x00007ffe9aae0000 - 0x00007ffe9ac05000 	C:\Windows\System32\RPCRT4.dll
0x00007ffe9af20000 - 0x00007ffe9b0c0000 	C:\Windows\System32\USER32.dll
0x00007ffe99f80000 - 0x00007ffe99fa2000 	C:\Windows\System32\win32u.dll
0x00007ffe77d10000 - 0x00007ffe77faa000 	C:\Windows\WinSxS\amd64_microsoft.windows.common-controls_6595b64144ccf1df_6.0.19041.1110_none_60b5254171f9507e\COMCTL32.dll
0x00007ffe9ada0000 - 0x00007ffe9adca000 	C:\Windows\System32\GDI32.dll
0x00007ffe99970000 - 0x00007ffe99a7b000 	C:\Windows\System32\gdi32full.dll
0x00007ffe99fb0000 - 0x00007ffe9a04d000 	C:\Windows\System32\msvcp_win.dll
0x00007ffe93670000 - 0x00007ffe9367a000 	C:\Windows\SYSTEM32\VERSION.dll
0x00007ffe9b0c0000 - 0x00007ffe9b0f0000 	C:\Windows\System32\IMM32.DLL
0x00007ffe924f0000 - 0x00007ffe924fc000 	C:\Program Files\Java\jdk-20\bin\vcruntime140_1.dll
0x00007ffe5c1d0000 - 0x00007ffe5c25e000 	C:\Program Files\Java\jdk-20\bin\msvcp140.dll
0x00007ffe34650000 - 0x00007ffe352e7000 	C:\Program Files\Java\jdk-20\bin\server\jvm.dll
0x00007ffe82460000 - 0x00007ffe82469000 	C:\Windows\SYSTEM32\WSOCK32.dll
0x00007ffe9bd80000 - 0x00007ffe9bdeb000 	C:\Windows\System32\WS2_32.dll
0x00007ffe77be0000 - 0x00007ffe77c07000 	C:\Windows\SYSTEM32\WINMM.dll
0x00007ffe97fa0000 - 0x00007ffe97fb2000 	C:\Windows\SYSTEM32\kernel.appcore.dll
0x00007ffe92470000 - 0x00007ffe9247a000 	C:\Program Files\Java\jdk-20\bin\jimage.dll
0x00007ffe851f0000 - 0x00007ffe853d4000 	C:\Windows\SYSTEM32\DBGHELP.DLL
0x00007ffe80f00000 - 0x00007ffe80f2c000 	C:\Windows\SYSTEM32\dbgcore.DLL
0x00007ffe99ef0000 - 0x00007ffe99f72000 	C:\Windows\System32\bcryptPrimitives.dll
0x00007ffe83f10000 - 0x00007ffe83f36000 	C:\Program Files\Java\jdk-20\bin\java.dll
0x00007ffe56f30000 - 0x00007ffe57007000 	C:\Program Files\Java\jdk-20\bin\jsvml.dll
0x00007ffe9a0f0000 - 0x00007ffe9a834000 	C:\Windows\System32\SHELL32.dll
0x00007ffe977f0000 - 0x00007ffe97f84000 	C:\Windows\SYSTEM32\windows.storage.dll
0x00007ffe9b870000 - 0x00007ffe9bbc4000 	C:\Windows\System32\combase.dll
0x00007ffe99170000 - 0x00007ffe991a0000 	C:\Windows\SYSTEM32\Wldp.dll
0x00007ffe9bf00000 - 0x00007ffe9bfad000 	C:\Windows\System32\SHCORE.dll
0x00007ffe9a8a0000 - 0x00007ffe9a8f5000 	C:\Windows\System32\shlwapi.dll
0x00007ffe99650000 - 0x00007ffe9966f000 	C:\Windows\SYSTEM32\profapi.dll
0x00007ffe76ed0000 - 0x00007ffe76ee3000 	C:\Program Files\Java\jdk-20\bin\net.dll
0x00007ffe95620000 - 0x00007ffe9572a000 	C:\Windows\SYSTEM32\WINHTTP.dll
0x00007ffe98e60000 - 0x00007ffe98eca000 	C:\Windows\system32\mswsock.dll
0x00007ffe76e60000 - 0x00007ffe76e76000 	C:\Program Files\Java\jdk-20\bin\nio.dll
0x00007ffe77000000 - 0x00007ffe77018000 	C:\Program Files\Java\jdk-20\bin\zip.dll
0x00007ffe8e800000 - 0x00007ffe8e80a000 	C:\Program Files\Java\jdk-20\bin\management.dll
0x00007ffe829b0000 - 0x00007ffe829bb000 	C:\Program Files\Java\jdk-20\bin\management_ext.dll
0x00007ffe9bdf0000 - 0x00007ffe9bdf8000 	C:\Windows\System32\PSAPI.DLL
0x00007ffe990c0000 - 0x00007ffe990d8000 	C:\Windows\SYSTEM32\CRYPTSP.dll
0x00007ffe98780000 - 0x00007ffe987b4000 	C:\Windows\system32\rsaenh.dll
0x00007ffe99e50000 - 0x00007ffe99e77000 	C:\Windows\System32\bcrypt.dll
0x00007ffe995d0000 - 0x00007ffe995fe000 	C:\Windows\SYSTEM32\USERENV.dll
0x00007ffe990e0000 - 0x00007ffe990ec000 	C:\Windows\SYSTEM32\CRYPTBASE.dll
0x00007ffe98b50000 - 0x00007ffe98b8b000 	C:\Windows\SYSTEM32\IPHLPAPI.DLL
0x00007ffe9ad90000 - 0x00007ffe9ad98000 	C:\Windows\System32\NSI.dll
0x00007ffe92910000 - 0x00007ffe92927000 	C:\Windows\SYSTEM32\dhcpcsvc6.DLL
0x00007ffe92a80000 - 0x00007ffe92a9d000 	C:\Windows\SYSTEM32\dhcpcsvc.DLL
0x00007ffe98ba0000 - 0x00007ffe98c6b000 	C:\Windows\SYSTEM32\DNSAPI.dll
0x00007ffe91540000 - 0x00007ffe9154e000 	C:\Program Files\Java\jdk-20\bin\sunmscapi.dll
0x00007ffe99710000 - 0x00007ffe99866000 	C:\Windows\System32\CRYPT32.dll
0x00007ffe991e0000 - 0x00007ffe99207000 	C:\Windows\SYSTEM32\ncrypt.dll
0x00007ffe991a0000 - 0x00007ffe991db000 	C:\Windows\SYSTEM32\NTASN1.dll
0x00007ffe91560000 - 0x00007ffe91570000 	C:\Program Files\Java\jdk-20\bin\verify.dll
0x00007ffe8eaa0000 - 0x00007ffe8eaa7000 	C:\Program Files\Java\jdk-20\bin\extnet.dll
0x00007ffe81eb0000 - 0x00007ffe81eb7000 	C:\Windows\system32\wshunix.dll

dbghelp: loaded successfully - version: 4.0.5 - missing functions: none
symbol engine: initialized successfully - sym options: 0x614 - pdb path: .;C:\Program Files\Java\jdk-20\bin;C:\Windows\SYSTEM32;C:\Windows\WinSxS\amd64_microsoft.windows.common-controls_6595b64144ccf1df_6.0.19041.1110_none_60b5254171f9507e;C:\Program Files\Java\jdk-20\bin\server

VM Arguments:
jvm_args: -Dfile.encoding=UTF-8 -XX:+ShowCodeDetailsInExceptionMessages 
java_command: com.wrldc.resource.adequacy.Application
java_class_path (initial): D:\Eclipse_Workspace\WRLDC_Resource_Adequacy\target\classes;C:\Users\akash.v.WRLDC\.m2\repository\org\springframework\boot\spring-boot-starter-data-jpa\3.1.3\spring-boot-starter-data-jpa-3.1.3.jar;C:\Users\akash.v.WRLDC\.m2\repository\org\springframework\boot\spring-boot-starter-aop\3.1.3\spring-boot-starter-aop-3.1.3.jar;C:\Users\akash.v.WRLDC\.m2\repository\org\springframework\spring-aop\6.0.11\spring-aop-6.0.11.jar;C:\Users\akash.v.WRLDC\.m2\repository\org\aspectj\aspectjweaver\1.9.20\aspectjweaver-1.9.20.jar;C:\Users\akash.v.WRLDC\.m2\repository\org\springframework\boot\spring-boot-starter-jdbc\3.1.3\spring-boot-starter-jdbc-3.1.3.jar;C:\Users\akash.v.WRLDC\.m2\repository\com\zaxxer\HikariCP\5.0.1\HikariCP-5.0.1.jar;C:\Users\akash.v.WRLDC\.m2\repository\org\springframework\spring-jdbc\6.0.11\spring-jdbc-6.0.11.jar;C:\Users\akash.v.WRLDC\.m2\repository\org\hibernate\orm\hibernate-core\6.2.7.Final\hibernate-core-6.2.7.Final.jar;C:\Users\akash.v.WRLDC\.m2\repository\jakarta\persistence\jakarta.persistence-api\3.1.0\jakarta.persistence-api-3.1.0.jar;C:\Users\akash.v.WRLDC\.m2\repository\jakarta\transaction\jakarta.transaction-api\2.0.1\jakarta.transaction-api-2.0.1.jar;C:\Users\akash.v.WRLDC\.m2\repository\org\jboss\logging\jboss-logging\3.5.3.Final\jboss-logging-3.5.3.Final.jar;C:\Users\akash.v.WRLDC\.m2\repository\org\hibernate\common\hibernate-commons-annotations\6.0.6.Final\hibernate-commons-annotations-6.0.6.Final.jar;C:\Users\akash.v.WRLDC\.m2\repository\io\smallrye\jandex\3.0.5\jandex-3.0.5.jar;C:\Users\akash.v.WRLDC\.m2\repository\com\fasterxml\classmate\1.5.1\classmate-1.5.1.jar;C:\Users\akash.v.WRLDC\.m2\repository\net\bytebuddy\byte-buddy\1.14.6\byte-buddy-1.14.6.jar;C:\Users\akash.v.WRLDC\.m2\repository\org\glassfish\jaxb\jaxb-runtime\4.0.3\jaxb-runtime-4.0.3.jar;C:\Users\akash.v.WRLDC\.m2\repository\org\glassfish\jaxb\jaxb-core\4.0.3\jaxb-core-4.0.3.jar;C:\Users\akash.v.WRLDC\.m2\repository\org\eclipse\angus\angus-activation\2.0.1\angus-activation-2.0.1.jar;C:\Users\akash.v.WRLDC\.m2\repository\org\glassfish\jaxb\txw2\4.0.3\txw2-4.0.3.jar;C:\Users\akash.v.WRLDC\.m2\repository\com\sun\istack\istack-commons-runtime\4.1.2\istack-commons-runtime-4.1.2.jar;C:\Users\akash.v.WRLDC\.m2\repository\jakarta\inject\jakarta.inject-api\2.0.1\jakarta.inject-api-2.0.1.jar;C:\Users\akash.v.WRLDC\.m2\repository\org\antlr\antlr4-runtime\4.10.1\antlr4-runtime-4.10.1.jar;C:\Users\akash.v.WRLDC\.m2\repository\org\springframework\data\spring-data-jpa\3.1.3\spring-data-jpa-3.1.3.jar;C:\Users\akash.v.WRLDC\.m2\repository\org\springframework\data\spring-data-commons\3.1.3\spring-data-commons-3.1.3.jar;C:\Users\akash.v.WRLDC\.m2\repository\org\springframework\spring-orm\6.0.11\spring-orm-6.0.11.jar;C:\Users\akash.v.WRLDC\.m2\repository\org\springframework\spring-context\6.0.11\spring-context-6.0.11.jar;C:\Users\akash.v.WRLDC\.m2\repository\org\springframework\spring-tx\6.0.11\spring-tx-6.0.11.jar;C:\Users\akash.v.WRLDC\.m2\repository\org\springframework\spring-beans\6.0.11\spring-beans-6.0.11.jar;C:\Users\akash.v.WRLDC\.m2\repository\jakarta\annotation\jakarta.annotation-api\2.1.1\jakarta.annotation-api-2.1.1.jar;C:\Users\akash.v.WRLDC\.m2\repository\org\springframework\spring-aspects\6.0.11\spring-aspects-6.0.11.jar;C:\Users\akash.v.WRLDC\.m2\repository\org\springframework\boot\spring-boot-starter-thymeleaf\3.1.3\spring-boot-starter-thymeleaf-3.1.3.jar;C:\Users\akash.v.WRLDC\.m2\repository\org\springframework\boot\spring-boot-starter\3.1.3\spring-boot-starter-3.1.3.jar;C:\Users\akash.v.WRLDC\.m2\repository\org\springframework\boot\spring-boot-starter-logging\3.1.3\spring-boot-starter-logging-3.1.3.jar;C:\Users\akash.v.WRLDC\.m2\repository\ch\qos\logback\logback-classic\1.4.11\logback-classic-1.4.11.jar;C:\Users\akash.v.WRLDC\.m2\repository\ch\qos\logback\logback-core\1.4.11\logback-core-1.4.11.jar;C:\Users\akash.v.WRLDC\.m2\repository\org\apache\logging\log4j\log4j-to-slf4j\2.20.0\log4j-to-slf4j-2.20.0.jar;C:\Users\akash.v.WRLDC\.m2\repository\org\apache\logging\log4j\log4j-api\2.20.0\log4j-api-2.20.0.jar;C:\Users\akash.v.WRLDC\.m2\repository\org\slf4j\jul-to-slf4j\2.0.7\jul-to-slf4j-2.0.7.jar;C:\Users\akash.v.WRLDC\.m2\repository\org\yaml\snakeyaml\1.33\snakeyaml-1.33.jar;C:\Users\akash.v.WRLDC\.m2\repository\org\thymeleaf\thymeleaf-spring6\3.1.2.RELEASE\thymeleaf-spring6-3.1.2.RELEASE.jar;C:\Users\akash.v.WRLDC\.m2\repository\org\thymeleaf\thymeleaf\3.1.2.RELEASE\thymeleaf-3.1.2.RELEASE.jar;C:\Users\akash.v.WRLDC\.m2\repository\org\attoparser\attoparser\2.0.7.RELEASE\attoparser-2.0.7.RELEASE.jar;C:\Users\akash.v.WRLDC\.m2\repository\org\unbescape\unbescape\1.1.6.RELEASE\unbescape-1.1.6.RELEASE.jar;C:\Users\akash.v.WRLDC\.m2\repository\org\springframework\boot\spring-boot-starter-web\3.1.3\spring-boot-starter-web-3.1.3.jar;C:\Users\akash.v.WRLDC\.m2\repository\org\springframework\boot\spring-boot-starter-json\3.1.3\spring-boot-starter-json-3.1.3.jar;C:\Users\akash.v.WRLDC\.m2\repository\com\fasterxml\jackson\core\jackson-databind\2.15.2\jackson-databind-2.15.2.jar;C:\Users\akash.v.WRLDC\.m2\repository\com\fasterxml\jackson\core\jackson-annotations\2.15.2\jackson-annotations-2.15.2.jar;C:\Users\akash.v.WRLDC\.m2\repository\com\fasterxml\jackson\core\jackson-core\2.15.2\jackson-core-2.15.2.jar;C:\Users\akash.v.WRLDC\.m2\repository\com\fasterxml\jackson\datatype\jackson-datatype-jdk8\2.15.2\jackson-datatype-jdk8-2.15.2.jar;C:\Users\akash.v.WRLDC\.m2\repository\com\fasterxml\jackson\datatype\jackson-datatype-jsr310\2.15.2\jackson-datatype-jsr310-2.15.2.jar;C:\Users\akash.v.WRLDC\.m2\repository\com\fasterxml\jackson\module\jackson-module-parameter-names\2.15.2\jackson-module-parameter-names-2.15.2.jar;C:\Users\akash.v.WRLDC\.m2\repository\org\springframework\boot\spring-boot-starter-tomcat\3.1.3\spring-boot-starter-tomcat-3.1.3.jar;C:\Users\akash.v.WRLDC\.m2\repository\org\apache\tomcat\embed\tomcat-embed-core\10.1.12\tomcat-embed-core-10.1.12.jar;C:\Users\akash.v.WRLDC\.m2\repository\org\apache\tomcat\embed\tomcat-embed-el\10.1.12\tomcat-embed-el-10.1.12.jar;C:\Users\akash.v.WRLDC\.m2\repository\org\apache\tomcat\embed\tomcat-embed-websocket\10.1.12\tomcat-embed-websocket-10.1.12.jar;C:\Users\akash.v.WRLDC\.m2\repository\org\springframework\spring-web\6.0.11\spring-web-6.0.11.jar;C:\Users\akash.v.WRLDC\.m2\repository\io\micrometer\micrometer-observation\1.11.3\micrometer-observation-1.11.3.jar;C:\Users\akash.v.WRLDC\.m2\repository\io\micrometer\micrometer-commons\1.11.3\micrometer-commons-1.11.3.jar;C:\Users\akash.v.WRLDC\.m2\repository\org\springframework\spring-webmvc\6.0.11\spring-webmvc-6.0.11.jar;C:\Users\akash.v.WRLDC\.m2\repository\org\springframework\spring-expression\6.0.11\spring-expression-6.0.11.jar;C:\Users\akash.v.WRLDC\.m2\repository\org\springframework\boot\spring-boot-devtools\3.1.3\spring-boot-devtools-3.1.3.jar;C:\Users\akash.v.WRLDC\.m2\repository\org\springframework\boot\spring-boot\3.1.3\spring-boot-3.1.3.jar;C:\Users\akash.v.WRLDC\.m2\repository\org\springframework\boot\spring-boot-autoconfigure\3.1.3\spring-boot-autoconfigure-3.1.3.jar;C:\Users\akash.v.WRLDC\.m2\repository\org\postgresql\postgresql\42.6.0\postgresql-42.6.0.jar;C:\Users\akash.v.WRLDC\.m2\repository\org\checkerframework\checker-qual\3.31.0\checker-qual-3.31.0.jar;C:\Users\akash.v.WRLDC\.m2\repository\org\projectlombok\lombok\1.18.28\lombok-1.18.28.jar;C:\Users\akash.v.WRLDC\.m2\repository\org\webjars\jquery\3.6.0\jquery-3.6.0.jar;C:\Users\akash.v.WRLDC\.m2\repository\org\webjars\bootstrap\5.1.3\bootstrap-5.1.3.jar;C:\Users\akash.v.WRLDC\.m2\repository\org\webjars\popper.js\2.9.3\popper.js-2.9.3.jar;C:\Users\akash.v.WRLDC\.m2\repository\org\apache\httpcomponents\client5\httpclient5\5.2.1\httpclient5-5.2.1.jar;C:\Users\akash.v.WRLDC\.m2\repository\org\apache\httpcomponents\core5\httpcore5\5.2.2\httpcore5-5.2.2.jar;C:\Users\akash.v.WRLDC\.m2\repository\org\apache\httpcomponents\core5\httpcore5-h2\5.2.2\httpcore5-h2-5.2.2.jar;C:\Users\akash.v.WRLDC\.m2\repository\org\slf4j\slf4j-api\2.0.7\slf4j-api-2.0.7.jar;C:\Users\akash.v.WRLDC\.m2\repository\jakarta\xml\bind\jakarta.xml.bind-api\4.0.0\jakarta.xml.bind-api-4.0.0.jar;C:\Users\akash.v.WRLDC\.m2\repository\jakarta\activation\jakarta.activation-api\2.1.2\jakarta.activation-api-2.1.2.jar;C:\Users\akash.v.WRLDC\.m2\repository\org\springframework\spring-core\6.0.11\spring-core-6.0.11.jar;C:\Users\akash.v.WRLDC\.m2\repository\org\springframework\spring-jcl\6.0.11\spring-jcl-6.0.11.jar
Launcher Type: SUN_STANDARD

[Global flags]
     intx CICompilerCount                          = 12                                        {product} {ergonomic}
     uint ConcGCThreads                            = 3                                         {product} {ergonomic}
     uint G1ConcRefinementThreads                  = 13                                        {product} {ergonomic}
   size_t G1HeapRegionSize                         = 2097152                                   {product} {ergonomic}
    uintx GCDrainStackTargetSize                   = 64                                        {product} {ergonomic}
   size_t InitialHeapSize                          = 264241152                                 {product} {ergonomic}
   size_t MarkStackSize                            = 4194304                                   {product} {ergonomic}
   size_t MaxHeapSize                              = 4213178368                                {product} {ergonomic}
   size_t MaxNewSize                               = 2527068160                                {product} {ergonomic}
   size_t MinHeapDeltaBytes                        = 2097152                                   {product} {ergonomic}
   size_t MinHeapSize                              = 8388608                                   {product} {ergonomic}
    uintx NonNMethodCodeHeapSize                   = 7602480                                {pd product} {ergonomic}
    uintx NonProfiledCodeHeapSize                  = 122027880                              {pd product} {ergonomic}
    uintx ProfiledCodeHeapSize                     = 122027880                              {pd product} {ergonomic}
    uintx ReservedCodeCacheSize                    = 251658240                              {pd product} {ergonomic}
     bool SegmentedCodeCache                       = true                                      {product} {ergonomic}
     bool ShowCodeDetailsInExceptionMessages       = true                                   {manageable} {command line}
   size_t SoftMaxHeapSize                          = 4213178368                             {manageable} {ergonomic}
     bool UseCompressedClassPointers               = true                           {product lp64_product} {ergonomic}
     bool UseCompressedOops                        = true                           {product lp64_product} {ergonomic}
     bool UseG1GC                                  = true                                      {product} {ergonomic}
     bool UseLargePagesIndividualAllocation        = false                                  {pd product} {ergonomic}

Logging:
Log output configuration:
 #0: stdout all=warning uptime,level,tags foldmultilines=false
 #1: stderr all=off uptime,level,tags foldmultilines=false

Environment Variables:
PATH=C:\Program Files\Common Files\Oracle\Java\javapath;C:\Python311\Scripts\;C:\Python311\;C:\Windows\system32;C:\Windows;C:\Windows\System32\Wbem;C:\Windows\System32\WindowsPowerShell\v1.0\;C:\Windows\System32\OpenSSH\;C:\Program Files\dotnet\;C:\Program Files\Microsoft SQL Server\130\Tools\Binn\;C:\Program Files\Microsoft SQL Server\Client SDK\ODBC\170\Tools\Binn\;C:\Program Files\PuTTY\;C:\Program Files (x86)\dotnet\;C:\Program Files\nodejs\;C:\ProgramData\chocolatey\bin;C:\Program Files\Java\jdk-20\bin;C:\Users\akash.v.WRLDC\AppData\Local\Microsoft\WindowsApps;C:\Users\akash.v.WRLDC\AppData\Local\Programs\Microsoft VS Code\bin;C:\Users\akash.v.WRLDC\AppData\Local\Programs\Git\cmd
USERNAME=akash.v
OS=Windows_NT
PROCESSOR_IDENTIFIER=Intel64 Family 6 Model 165 Stepping 5, GenuineIntel
TMP=C:\Users\AKASHV~1.WRL\AppData\Local\Temp
TEMP=C:\Users\AKASHV~1.WRL\AppData\Local\Temp




---------------  S Y S T E M  ---------------

OS:
 Windows 10 , 64 bit Build 19041 (10.0.19041.1806)
OS uptime: 12 days 0:13 hours

CPU: total 16 (initial active 16) (8 cores per cpu, 2 threads per core) family 6 model 165 stepping 5 microcode 0xf4, cx8, cmov, fxsr, ht, mmx, 3dnowpref, sse, sse2, sse3, ssse3, sse4.1, sse4.2, popcnt, lzcnt, tsc, tscinvbit, avx, avx2, aes, erms, clmul, bmi1, bmi2, adx, fma, vzeroupper, clflush, clflushopt, rdtscp, f16c, pku

Memory: 4k page, system-wide physical 16071M (2905M free)
TotalPageFile size 16071M (AvailPageFile size 14M)
current process WorkingSet (physical memory assigned to process): 396M, peak: 418M
current process commit charge ("private bytes"): 445M, peak: 470M

vm_info: Java HotSpot(TM) 64-Bit Server VM (20.0.1+9-29) for windows-amd64 JRE (20.0.1+9-29), built on 2023-03-07T13:56:11Z by "mach5one" with MS VC++ 17.1 (VS2022)

END.
